<?xml version="1.0" encoding="UTF-8"?>
<testng-results total="5" passed="5" failed="0" skipped="0">
  <reporter-output>
  </reporter-output>
  <suite started-at="2022-12-04T06:20:48Z" name="Default suite" finished-at="2022-12-04T06:20:58Z" duration-ms="9799">
    <groups>
    </groups>
    <test started-at="2022-12-04T06:20:48Z" name="Default test" finished-at="2022-12-04T06:20:58Z" duration-ms="9799">
      <class name="API_TestCase.ReqRes">
        <test-method signature="listUser()[pri:0, instance:API_TestCase.ReqRes@5c4b]" started-at="2022-12-04T11:50:48Z" name="listUser" finished-at="2022-12-04T11:50:54Z" duration-ms="6399" status="PASS">
          <reporter-output>
          </reporter-output>
        </test-method> <!-- listUser -->
        <test-method signature="singleUser()[pri:0, instance:API_TestCase.ReqRes@5c4b]" started-at="2022-12-04T11:50:54Z" name="singleUser" finished-at="2022-12-04T11:50:55Z" duration-ms="440" status="PASS">
          <reporter-output>
          </reporter-output>
        </test-method> <!-- singleUser -->
        <test-method signature="single_User_Not_Found()[pri:0, instance:API_TestCase.ReqRes@5c4b]" started-at="2022-12-04T11:50:55Z" name="single_User_Not_Found" finished-at="2022-12-04T11:50:55Z" duration-ms="712" status="PASS">
          <reporter-output>
          </reporter-output>
        </test-method> <!-- single_User_Not_Found -->
        <test-method signature="listResource()[pri:0, instance:API_TestCase.ReqRes@5c4b]" started-at="2022-12-04T11:50:55Z" name="listResource" finished-at="2022-12-04T11:50:56Z" duration-ms="605" status="PASS">
          <reporter-output>
          </reporter-output>
        </test-method> <!-- listResource -->
        <test-method signature="createPost()[pri:0, instance:API_TestCase.ReqRes@5c4b]" started-at="2022-12-04T11:50:56Z" name="createPost" finished-at="2022-12-04T11:50:58Z" duration-ms="1603" status="PASS">
          <reporter-output>
          </reporter-output>
        </test-method> <!-- createPost -->
      </class> <!-- API_TestCase.ReqRes -->
    </test> <!-- Default test -->
  </suite> <!-- Default suite -->
</testng-results>
